+ process_data dispatched
✔ process_data completed [563ms, 513.61 kB]
+ fit_gamma_reg dispatched
+ summary_table dispatched
+ eda_plot_carat dispatched
+ eda_plot_color dispatched
+ eda_plot_clarity dispatched
+ eda_plot_cut dispatched
✔ fit_gamma_reg completed [746ms, 8.81 MB]
+ fig_forest_plot dispatched
✔ eda_plot_carat completed [542ms, 2.18 MB]
✔ eda_plot_color completed [595ms, 2.97 MB]
+ fig_forest_plot dispatched
✔ eda_plot_clarity completed [605ms, 2.97 MB]
✔ eda_plot_cut completed [593ms, 2.97 MB]
+ eda_plot_comb dispatched
✔ summary_table completed [2s, 1.41 MB]
✔ eda_plot_comb completed [49ms, 11.15 MB]
✔ fig_forest_plot completed [26s, 9.60 MB]
✔ ended pipeline [37s, 9 completed, 0 skipped]
Warning message:
1 targets produced warnings. Run targets::tar_meta(fields = warnings, complete_only = TRUE) for the messages. 
