Lmod Warning:
-------------------------------------------------------------------------------
The following dependent module(s) are not currently loaded: GCC/13.3.0
(required by: OpenBLAS/0.3.27-GCC-13.3.0, FlexiBLAS/3.4.4-GCC-13.3.0,
FFTW/3.3.10-GCC-13.3.0, gfbf/2024a), GCCcore/13.3.0 (required by:
bzip2/1.0.8-GCCcore-13.3.0, expat/2.6.2-GCCcore-13.3.0,
libpng/1.6.43-GCCcore-13.3.0, Brotli/1.1.0-GCCcore-13.3.0,
freetype/2.13.2-GCCcore-13.3.0, ncurses/6.5-GCCcore-13.3.0,
libreadline/8.2-GCCcore-13.3.0, Tcl/8.6.14-GCCcore-13.3.0,
SQLite/3.45.3-GCCcore-13.3.0, util-linux/2.40-GCCcore-13.3.0,
fontconfig/2.15.0-GCCcore-13.3.0, xorg-macros/1.20.1-GCCcore-13.3.0,
libpciaccess/0.18.1-GCCcore-13.3.0, X11/20240607-GCCcore-13.3.0,
gzip/1.13-GCCcore-13.3.0, XZ/5.4.5-GCCcore-13.3.0, lz4/1.9.4-GCCcore-13.3.0,
zstd/1.5.6-GCCcore-13.3.0, libdrm/2.4.122-GCCcore-13.3.0,
libglvnd/1.7.0-GCCcore-13.3.0, libunwind/1.8.1-GCCcore-13.3.0,
LLVM/18.1.8-GCCcore-13.3.0-minimal, libffi/3.4.5-GCCcore-13.3.0,
libxml2/2.12.7-GCCcore-13.3.0, Wayland/1.23.0-GCCcore-13.3.0,
Mesa/24.1.3-GCCcore-13.3.0, libGLU/9.0.3-GCCcore-13.3.0,
pixman/0.43.4-GCCcore-13.3.0, libiconv/1.17-GCCcore-13.3.0,
gettext/0.22.5-GCCcore-13.3.0, PCRE2/10.43-GCCcore-13.3.0,
GLib/2.80.4-GCCcore-13.3.0, cairo/1.18.0-GCCcore-13.3.0,
NASM/2.16.03-GCCcore-13.3.0, libjpeg-turbo/3.0.1-GCCcore-13.3.0,
jbigkit/2.1-GCCcore-13.3.0, libdeflate/1.20-GCCcore-13.3.0,
LibTIFF/4.6.0-GCCcore-13.3.0, libgit2/1.8.1-GCCcore-13.3.0,
cURL/8.7.1-GCCcore-13.3.0, Tk/8.6.14-GCCcore-13.3.0, ICU/75.1-GCCcore-13.3.0,
HarfBuzz/9.0.0-GCCcore-13.3.0, FriBidi/1.0.15-GCCcore-13.3.0),
zlib/1.3.1-GCCcore-13.3.0 (required by: libpng/1.6.43-GCCcore-13.3.0,
freetype/2.13.2-GCCcore-13.3.0, Tcl/8.6.14-GCCcore-13.3.0,
util-linux/2.40-GCCcore-13.3.0, X11/20240607-GCCcore-13.3.0,
zstd/1.5.6-GCCcore-13.3.0, LLVM/18.1.8-GCCcore-13.3.0-minimal,
libxml2/2.12.7-GCCcore-13.3.0, Mesa/24.1.3-GCCcore-13.3.0,
cairo/1.18.0-GCCcore-13.3.0, LibTIFF/4.6.0-GCCcore-13.3.0,
cURL/8.7.1-GCCcore-13.3.0, Tk/8.6.14-GCCcore-13.3.0, R/4.4.2-gfbf-2024a)
-------------------------------------------------------------------------------




The following have been reloaded with a version change:
  1) GCC/13.3.0 => GCC/13.2.0
  2) GCCcore/13.3.0 => GCCcore/13.2.0
  3) binutils/2.42-GCCcore-13.3.0 => binutils/2.40-GCCcore-13.2.0
  4) zlib/1.3.1-GCCcore-13.3.0 => zlib/1.2.13-GCCcore-13.2.0


The following have been reloaded with a version change:
  1) GCC/13.2.0 => GCC/13.3.0
  2) GCCcore/13.2.0 => GCCcore/13.3.0
  3) binutils/2.40-GCCcore-13.2.0 => binutils/2.42-GCCcore-13.3.0
  4) zlib/1.2.13-GCCcore-13.2.0 => zlib/1.3.1-GCCcore-13.3.0

Lmod Warning:
-------------------------------------------------------------------------------
The following dependent module(s) are not currently loaded: GCCcore/13.3.0
(required by: expat/2.6.2-GCCcore-13.3.0, libpng/1.6.43-GCCcore-13.3.0,
Brotli/1.1.0-GCCcore-13.3.0, freetype/2.13.2-GCCcore-13.3.0,
libreadline/8.2-GCCcore-13.3.0, Tcl/8.6.14-GCCcore-13.3.0,
SQLite/3.45.3-GCCcore-13.3.0, util-linux/2.40-GCCcore-13.3.0,
fontconfig/2.15.0-GCCcore-13.3.0, xorg-macros/1.20.1-GCCcore-13.3.0,
libpciaccess/0.18.1-GCCcore-13.3.0, X11/20240607-GCCcore-13.3.0,
gzip/1.13-GCCcore-13.3.0, lz4/1.9.4-GCCcore-13.3.0, zstd/1.5.6-GCCcore-13.3.0,
libdrm/2.4.122-GCCcore-13.3.0, libglvnd/1.7.0-GCCcore-13.3.0,
libunwind/1.8.1-GCCcore-13.3.0, LLVM/18.1.8-GCCcore-13.3.0-minimal,
libffi/3.4.5-GCCcore-13.3.0, libxml2/2.12.7-GCCcore-13.3.0,
Wayland/1.23.0-GCCcore-13.3.0, Mesa/24.1.3-GCCcore-13.3.0,
libGLU/9.0.3-GCCcore-13.3.0, pixman/0.43.4-GCCcore-13.3.0,
libiconv/1.17-GCCcore-13.3.0, gettext/0.22.5-GCCcore-13.3.0,
PCRE2/10.43-GCCcore-13.3.0, GLib/2.80.4-GCCcore-13.3.0,
cairo/1.18.0-GCCcore-13.3.0, NASM/2.16.03-GCCcore-13.3.0,
libjpeg-turbo/3.0.1-GCCcore-13.3.0, jbigkit/2.1-GCCcore-13.3.0,
libdeflate/1.20-GCCcore-13.3.0, LibTIFF/4.6.0-GCCcore-13.3.0,
libgit2/1.8.1-GCCcore-13.3.0, Tk/8.6.14-GCCcore-13.3.0,
ICU/75.1-GCCcore-13.3.0, HarfBuzz/9.0.0-GCCcore-13.3.0,
FriBidi/1.0.15-GCCcore-13.3.0, binutils/2.42-GCCcore-13.3.0, GCC/13.3.0),
OpenSSL/3 (required by: libgit2/1.8.1-GCCcore-13.3.0, R/4.4.2-gfbf-2024a),
XZ/5.4.5-GCCcore-13.3.0 (required by: zstd/1.5.6-GCCcore-13.3.0,
libunwind/1.8.1-GCCcore-13.3.0, libxml2/2.12.7-GCCcore-13.3.0,
LibTIFF/4.6.0-GCCcore-13.3.0, R/4.4.2-gfbf-2024a), bzip2/1.0.8-GCCcore-13.3.0
(required by: freetype/2.13.2-GCCcore-13.3.0, X11/20240607-GCCcore-13.3.0,
cairo/1.18.0-GCCcore-13.3.0, R/4.4.2-gfbf-2024a), cURL/8.7.1-GCCcore-13.3.0
(required by: R/4.4.2-gfbf-2024a), ncurses/6.5-GCCcore-13.3.0 (required by:
libreadline/8.2-GCCcore-13.3.0, util-linux/2.40-GCCcore-13.3.0,
LLVM/18.1.8-GCCcore-13.3.0-minimal, gettext/0.22.5-GCCcore-13.3.0,
R/4.4.2-gfbf-2024a), zlib/1.3.1-GCCcore-13.3.0 (required by:
libpng/1.6.43-GCCcore-13.3.0, freetype/2.13.2-GCCcore-13.3.0,
Tcl/8.6.14-GCCcore-13.3.0, util-linux/2.40-GCCcore-13.3.0,
X11/20240607-GCCcore-13.3.0, zstd/1.5.6-GCCcore-13.3.0,
LLVM/18.1.8-GCCcore-13.3.0-minimal, libxml2/2.12.7-GCCcore-13.3.0,
Mesa/24.1.3-GCCcore-13.3.0, cairo/1.18.0-GCCcore-13.3.0,
LibTIFF/4.6.0-GCCcore-13.3.0, Tk/8.6.14-GCCcore-13.3.0, R/4.4.2-gfbf-2024a,
binutils/2.42-GCCcore-13.3.0)
-------------------------------------------------------------------------------




The following have been reloaded with a version change:
  1) GCCcore/13.3.0 => GCCcore/13.2.0
  2) OpenSSL/3 => OpenSSL/1.1
  3) XZ/5.4.5-GCCcore-13.3.0 => XZ/5.4.4-GCCcore-13.2.0
  4) bzip2/1.0.8-GCCcore-13.3.0 => bzip2/1.0.8-GCCcore-13.2.0
  5) cURL/8.7.1-GCCcore-13.3.0 => cURL/8.3.0-GCCcore-13.2.0
  6) ncurses/6.5-GCCcore-13.3.0 => ncurses/6.4-GCCcore-13.2.0
  7) zlib/1.3.1-GCCcore-13.3.0 => zlib/1.2.13-GCCcore-13.2.0

