R version 4.4.2 (2024-10-31)
• Platform: x86_64-pc-linux-gnu
• Running under: Rocky Linux 9.5 (Blue Onyx)
• 
• Matrix products: default
• BLAS/LAPACK: FlexiBLAS OPENBLAS;  LAPACK version 3.12.0
• 
• locale:
•  [1] LC_CTYPE=C.UTF-8       LC_NUMERIC=C           LC_TIME=C.UTF-8       
•  [4] LC_COLLATE=C.UTF-8     LC_MONETARY=C.UTF-8    LC_MESSAGES=C.UTF-8   
•  [7] LC_PAPER=C.UTF-8       LC_NAME=C              LC_ADDRESS=C          
• [10] LC_TELEPHONE=C         LC_MEASUREMENT=C.UTF-8 LC_IDENTIFICATION=C   
• 
• time zone: America/New_York
• tzcode source: system (glibc)
• 
• attached base packages:
• [1] stats     graphics  grDevices utils     datasets  methods   base     
• 
• loaded via a namespace (and not attached):
•  [1] mirai_2.5.0       utf8_1.2.4        later_1.3.2       R6_2.5.1         
•  [5] tidyselect_1.2.1  magrittr_2.0.3    crew_1.3.0        glue_1.8.0       
•  [9] nanonext_1.7.0    tibble_3.2.1      pkgconfig_2.0.3   lifecycle_1.0.4  
• [13] ps_1.8.1          promises_1.3.0    cli_3.6.3         fansi_1.0.6      
• [17] processx_3.8.4    vctrs_0.6.5       data.table_1.17.8 compiler_4.4.2   
• [21] tools_4.4.2       pillar_1.9.0      Rcpp_1.0.13-1     collections_0.3.9
• [25] rlang_1.1.4      

Attaching package: ‘dplyr’

The following objects are masked from ‘package:stats’:

    filter, lag

The following objects are masked from ‘package:base’:

    intersect, setdiff, setequal, union

Warning: `geom_errobarh()` was deprecated in ggplot2 4.0.0.
ℹ Please use the `orientation` argument of `geom_errorbar()` instead.
`height` was translated to `width`.
