R version 4.4.2 (2024-10-31 ucrt)
• Platform: x86_64-w64-mingw32/x64
• Running under: Windows 11 x64 (build 26100)
• 
• Matrix products: default
• 
• 
• locale:
• [1] LC_COLLATE=English_United States.utf8 
• [2] LC_CTYPE=English_United States.utf8   
• [3] LC_MONETARY=English_United States.utf8
• [4] LC_NUMERIC=C                          
• [5] LC_TIME=English_United States.utf8    
• 
• time zone: America/New_York
• tzcode source: internal
• 
• attached base packages:
• [1] stats     graphics  grDevices utils     datasets  methods   base     
• 
• loaded via a namespace (and not attached):
•  [1] mirai_2.3.0       later_1.4.2       R6_2.6.1          tidyselect_1.2.1 
•  [5] magrittr_2.0.3    crew_1.2.1        glue_1.8.0        nanonext_1.6.0   
•  [9] tibble_3.3.0      pkgconfig_2.0.3   lifecycle_1.0.4   ps_1.9.1         
• [13] promises_1.3.3    cli_3.6.4         processx_3.8.6    vctrs_0.6.5      
• [17] data.table_1.16.4 compiler_4.4.2    tools_4.4.2       rstudioapi_0.17.1
• [21] pillar_1.10.2     Rcpp_1.0.14       rlang_1.1.6      

Attaching package: 'dplyr'

The following objects are masked from 'package:stats':

    filter, lag

The following objects are masked from 'package:base':

    intersect, setdiff, setequal, union

Called from: func_fit_gamma_reg(data = process_data)
debug at R/03-model-fits.R#11: mod_gamma <- glm(price ~ carat + cut + color + clarity, data = data, 
    family = Gamma(link = "log"))
debug at R/03-model-fits.R#15: return(mod_gamma)
Warning: package 'ggplot2' was built under R version 4.4.3
